2021-11-02 17:40:48,201 INFO notifyConnectTimeout:200

2021-11-02 17:40:48,207 INFO notifySocketTimeout:8000

2021-11-02 17:40:48,208 INFO isHealthCheck:true

2021-11-02 17:40:48,208 INFO maxHealthCheckFailCount:12

2021-11-02 17:40:48,208 INFO maxContent:10485760

2021-11-02 17:40:58,991 INFO use local db service for init

2021-11-02 17:41:00,804 WARN Lexical error at line 4, column 66.  Encountered: <EOF> after : "".

2021-11-02 17:41:00,865 WARN Syntax error: Encountered "*" at line 1, column 1.

2021-11-02 17:41:00,913 WARN Table/View 'CONFIG_INFO' already exists in Schema 'NACOS'.

2021-11-02 17:41:01,025 WARN Table/View 'HIS_CONFIG_INFO' already exists in Schema 'NACOS'.

2021-11-02 17:41:01,048 WARN Table/View 'CONFIG_INFO_BETA' already exists in Schema 'NACOS'.

2021-11-02 17:41:01,056 WARN Table/View 'CONFIG_INFO_TAG' already exists in Schema 'NACOS'.

2021-11-02 17:41:01,065 WARN Table/View 'CONFIG_INFO_AGGR' already exists in Schema 'NACOS'.

2021-11-02 17:41:01,075 WARN Table/View 'APP_LIST' already exists in Schema 'NACOS'.

2021-11-02 17:41:01,082 WARN Table/View 'APP_CONFIGDATA_RELATION_SUBS' already exists in Schema 'NACOS'.

2021-11-02 17:41:01,087 WARN Table/View 'APP_CONFIGDATA_RELATION_PUBS' already exists in Schema 'NACOS'.

2021-11-02 17:41:01,096 WARN Table/View 'CONFIG_TAGS_RELATION' already exists in Schema 'NACOS'.

2021-11-02 17:41:01,108 WARN Table/View 'GROUP_CAPACITY' already exists in Schema 'NACOS'.

2021-11-02 17:41:01,114 WARN Table/View 'TENANT_CAPACITY' already exists in Schema 'NACOS'.

2021-11-02 17:41:01,120 WARN Table/View 'TENANT_INFO' already exists in Schema 'NACOS'.

2021-11-02 17:41:01,132 WARN Table/View 'USERS' already exists in Schema 'NACOS'.

2021-11-02 17:41:01,137 WARN Table/View 'ROLES' already exists in Schema 'NACOS'.

2021-11-02 17:41:01,143 WARN Table/View 'PERMISSIONS' already exists in Schema 'NACOS'.

2021-11-02 17:41:01,270 WARN The statement was aborted because it would have caused a duplicate key value in a unique or primary key constraint or unique index identified by 'SQL210318110247800' defined on 'USERS'.

2021-11-02 17:41:01,276 WARN The statement was aborted because it would have caused a duplicate key value in a unique or primary key constraint or unique index identified by 'UK_USERNAME_ROLE' defined on 'ROLES'.

2021-11-02 17:41:01,276 WARN Lexical error at line 4, column 13.  Encountered: "`" (96), after : "".

2021-11-02 17:41:01,277 WARN Lexical error at line 1, column 13.  Encountered: "`" (96), after : "".

2021-11-02 17:41:01,277 WARN Lexical error at line 1, column 13.  Encountered: "`" (96), after : "".

2021-11-02 17:41:01,278 WARN Lexical error at line 1, column 13.  Encountered: "`" (96), after : "".

2021-11-02 17:41:01,278 INFO use StandaloneDatabaseOperateImpl

2021-11-02 17:41:03,431 WARN DumpService start

2021-11-02 17:41:03,433 INFO start clear all config-info.

2021-11-02 17:41:03,434 WARN clear all config-info failed.

2021-11-02 17:41:03,435 WARN clear all config-info-tenant failed.

2021-11-02 17:41:03,545 INFO [all-dump] 346490190467960832 / 346490190467960832

2021-11-02 17:41:03,545 INFO start clear all config-info-beta.

2021-11-02 17:41:03,545 WARN clear all config-info-beta failed.

2021-11-02 17:41:03,545 WARN clear all config-info-beta-tenant failed.

2021-11-02 17:41:03,559 INFO start clear all config-info-tag.

2021-11-02 17:41:03,559 WARN clear all config-info-tag failed.

2021-11-02 17:41:03,559 WARN clear all config-info-tag-tenant failed.

