2021-11-02 17:41:02,571 INFO raft peers changed: [Member{ip='192.168.220.1', port=8848, state=UP, extendInfo={raftPort=7848}}]

2021-11-02 17:41:02,605 INFO initializing Raft sub-system

2021-11-02 17:41:02,607 INFO finish loading all datums, size: 0 cost 2 ms.

2021-11-02 17:41:02,614 INFO cache loaded, datum count: 0, current term: 0

2021-11-02 17:41:02,614 INFO finish to load data from disk, cost: 9 ms.

2021-11-02 17:41:02,616 INFO timer started: leader timeout ms: 15000, heart-beat timeout ms: 5000

2021-11-02 17:41:03,281 INFO add listener: com.alibaba.nacos.naming.domains.meta.00-00---000-NACOS_SWITCH_DOMAIN-000---00-00

2021-11-02 17:41:03,297 INFO add listener: com.alibaba.nacos.naming.domains.meta.

2021-11-02 17:41:07,549 WARN start to close old raft protocol!!!

2021-11-02 17:41:07,549 WARN stop old raft protocol task for notifier

2021-11-02 17:41:07,549 WARN stop old raft protocol task for master task

2021-11-02 17:41:07,549 WARN stop old raft protocol task for heartbeat task

2021-11-02 17:41:07,549 WARN clean old cache datum for old raft

2021-11-02 17:41:07,549 WARN start to close old raft protocol!!!

2021-11-02 17:41:07,549 WARN stop old raft protocol task for notifier

2021-11-02 17:41:07,549 WARN stop old raft protocol task for master task

2021-11-02 17:41:07,549 WARN stop old raft protocol task for heartbeat task

2021-11-02 17:41:07,549 WARN clean old cache datum for old raft

2021-11-02 17:41:07,549 WARN start to move old raft protocol metadata

2021-11-02 17:41:07,552 WARN start to move old raft protocol metadata

2021-11-02 17:41:07,552 INFO raft peers changed: [Member{ip='192.168.220.1', port=8848, state=UP, extendInfo={lastRefreshTime=1635846067552, raftPort=7848, version=1.4.1}}]

2021-11-02 17:41:34,241 INFO add listener: com.alibaba.nacos.naming.iplist.public##DEFAULT_GROUP@@auth-center

2021-11-02 17:42:16,107 INFO add listener: com.alibaba.nacos.naming.iplist.public##DEFAULT_GROUP@@admin-service

